<?xml version="1.0" encoding="UTF-8"?>
<!-- Generated by org.testng.reporters.JUnitReportReporter -->
<testsuite hostname="DESKTOP-GI1VVGA" failures="0" tests="1" name="HSPM.Admin.Testcase.homepageTest" time="73.225" errors="0" timestamp="23 Jan 2021 07:42:12 GMT" skipped="0">
  <testcase classname="HSPM.Admin.Testcase.homepageTest" name="FrontofficeButton" time="73.225"/>
</testsuite> <!-- HSPM.Admin.Testcase.homepageTest -->
