<?xml version="1.0" encoding="UTF-8"?>
<!-- Generated by org.testng.reporters.JUnitReportReporter -->
<testsuite hostname="DESKTOP-GI1VVGA" failures="0" tests="1" name="HSPM.Admin.Testcase.homepageTest" time="39.429" errors="0" timestamp="18 Feb 2021 09:54:37 GMT" skipped="0">
  <testcase classname="HSPM.Admin.Testcase.homepageTest" name="FrontofficeButton" time="39.429"/>
</testsuite> <!-- HSPM.Admin.Testcase.homepageTest -->
